The system is: Linux - 4.19.90-52.22.v2207.ky10.x86_64 - x86_64
Compiling the C compiler identification source file "CMakeCCompilerId.c" succeeded.
Compiler: /usr/bin/gcc 
Build flags: 
Id flags:  

The output was:
0


Compilation of the C compiler identification source "CMakeCCompilerId.c" produced "a.out"

The C compiler identification is GNU, found in "/root/testProtocal/build/CMakeFiles/3.16.5/CompilerIdC/a.out"

Compiling the CXX compiler identification source file "CMakeCXXCompilerId.cpp" succeeded.
Compiler: /usr/bin/g++ 
Build flags: 
Id flags:  

The output was:
0


Compilation of the CXX compiler identification source "CMakeCXXCompilerId.cpp" produced "a.out"

The CXX compiler identification is GNU, found in "/root/testProtocal/build/CMakeFiles/3.16.5/CompilerIdCXX/a.out"

Determining if the C compiler works passed with the following output:
Change Dir: /root/testProtocal/build/CMakeFiles/CMakeTmp

Run Build Command(s):/usr/bin/gmake cmTC_fef59/fast && /usr/bin/gmake -f CMakeFiles/cmTC_fef59.dir/build.make CMakeFiles/cmTC_fef59.dir/build
gmake[1]: 进入目录“/root/testProtocal/build/CMakeFiles/CMakeTmp”
Building C object CMakeFiles/cmTC_fef59.dir/testCCompiler.c.o
/usr/bin/gcc    -o CMakeFiles/cmTC_fef59.dir/testCCompiler.c.o   -c /root/testProtocal/build/CMakeFiles/CMakeTmp/testCCompiler.c
Linking C executable cmTC_fef59
/usr/bin/cmake -E cmake_link_script CMakeFiles/cmTC_fef59.dir/link.txt --verbose=1
/usr/bin/gcc      CMakeFiles/cmTC_fef59.dir/testCCompiler.c.o  -o cmTC_fef59 
gmake[1]: 离开目录“/root/testProtocal/build/CMakeFiles/CMakeTmp”



Detecting C compiler ABI info compiled with the following output:
Change Dir: /root/testProtocal/build/CMakeFiles/CMakeTmp

Run Build Command(s):/usr/bin/gmake cmTC_71922/fast && /usr/bin/gmake -f CMakeFiles/cmTC_71922.dir/build.make CMakeFiles/cmTC_71922.dir/build
gmake[1]: Entering directory '/root/testProtocal/build/CMakeFiles/CMakeTmp'
Building C object CMakeFiles/cmTC_71922.dir/CMakeCCompilerABI.c.o
/usr/bin/gcc   -v -o CMakeFiles/cmTC_71922.dir/CMakeCCompilerABI.c.o   -c /usr/share/cmake/Modules/CMakeCCompilerABI.c
Using built-in specs.
COLLECT_GCC=/usr/bin/gcc
Target: x86_64-linux-gnu
Configured with: ../configure --prefix=/usr --mandir=/usr/share/man --infodir=/usr/share/info --enable-shared --enable-threads=posix --enable-checking=release --with-system-zlib --enable-__cxa_atexit --disable-libunwind-exceptions --enable-gnu-unique-object --enable-linker-build-id --with-linker-hash-style=gnu --enable-languages=c,c++,objc,obj-c++,fortran,lto --enable-plugin --enable-initfini-array --disable-libgcj --with-isl=/builddir/build/BUILD/gcc-7.3.0/obj-x86_64-linux-gnu/isl-install --without-cloog --enable-gnu-indirect-function --build=x86_64-linux-gnu --with-stage1-ldflags=' -Wl,-z,relro,-z,now' --with-boot-ldflags=' -Wl,-z,relro,-z,now' --with-tune=generic --with-arch_32=x86-64 --disable-multilib
Thread model: posix
gcc version 7.3.0 (GCC) 
COLLECT_GCC_OPTIONS='-v' '-o' 'CMakeFiles/cmTC_71922.dir/CMakeCCompilerABI.c.o' '-c' '-mtune=generic' '-march=x86-64'
 /usr/libexec/gcc/x86_64-linux-gnu/7.3.0/cc1 -quiet -v /usr/share/cmake/Modules/CMakeCCompilerABI.c -quiet -dumpbase CMakeCCompilerABI.c -mtune=generic -march=x86-64 -auxbase-strip CMakeFiles/cmTC_71922.dir/CMakeCCompilerABI.c.o -version -o /tmp/ccbrQIJ2.s
GNU C11 (GCC) version 7.3.0 (x86_64-linux-gnu)
	compiled by GNU C version 7.3.0, GMP version 6.2.0, MPFR version 4.1.0, MPC version 1.2.0, isl version isl-0.21-GMP

GGC heuristics: --param ggc-min-expand=100 --param ggc-min-heapsize=131072
ignoring nonexistent directory "/usr/lib/gcc/x86_64-linux-gnu/7.3.0/include-fixed"
ignoring nonexistent directory "/usr/lib/gcc/x86_64-linux-gnu/7.3.0/../../../../x86_64-linux-gnu/include"
#include "..." search starts here:
#include <...> search starts here:
 /usr/lib/gcc/x86_64-linux-gnu/7.3.0/include
 /usr/local/include
 /usr/include
End of search list.
GNU C11 (GCC) version 7.3.0 (x86_64-linux-gnu)
	compiled by GNU C version 7.3.0, GMP version 6.2.0, MPFR version 4.1.0, MPC version 1.2.0, isl version isl-0.21-GMP

GGC heuristics: --param ggc-min-expand=100 --param ggc-min-heapsize=131072
Compiler executable checksum: 2d3ea5782a82b0f5c18728a0a7679826
COLLECT_GCC_OPTIONS='-v' '-o' 'CMakeFiles/cmTC_71922.dir/CMakeCCompilerABI.c.o' '-c' '-mtune=generic' '-march=x86-64'
 as -v --64 -o CMakeFiles/cmTC_71922.dir/CMakeCCompilerABI.c.o /tmp/ccbrQIJ2.s
GNU assembler version 2.34 (x86_64-kylin-linux) using BFD version (GNU Binutils) 2.34
COMPILER_PATH=/usr/libexec/gcc/x86_64-linux-gnu/7.3.0/:/usr/libexec/gcc/x86_64-linux-gnu/7.3.0/:/usr/libexec/gcc/x86_64-linux-gnu/:/usr/lib/gcc/x86_64-linux-gnu/7.3.0/:/usr/lib/gcc/x86_64-linux-gnu/
LIBRARY_PATH=/usr/lib/gcc/x86_64-linux-gnu/7.3.0/:/usr/lib/gcc/x86_64-linux-gnu/7.3.0/../../../../lib64/:/lib/../lib64/:/usr/lib/../lib64/:/usr/lib/gcc/x86_64-linux-gnu/7.3.0/../../../:/lib/:/usr/lib/
COLLECT_GCC_OPTIONS='-v' '-o' 'CMakeFiles/cmTC_71922.dir/CMakeCCompilerABI.c.o' '-c' '-mtune=generic' '-march=x86-64'
Linking C executable cmTC_71922
/usr/bin/cmake -E cmake_link_script CMakeFiles/cmTC_71922.dir/link.txt --verbose=1
/usr/bin/gcc     -v CMakeFiles/cmTC_71922.dir/CMakeCCompilerABI.c.o  -o cmTC_71922 
Using built-in specs.
COLLECT_GCC=/usr/bin/gcc
COLLECT_LTO_WRAPPER=/usr/libexec/gcc/x86_64-linux-gnu/7.3.0/lto-wrapper
Target: x86_64-linux-gnu
Configured with: ../configure --prefix=/usr --mandir=/usr/share/man --infodir=/usr/share/info --enable-shared --enable-threads=posix --enable-checking=release --with-system-zlib --enable-__cxa_atexit --disable-libunwind-exceptions --enable-gnu-unique-object --enable-linker-build-id --with-linker-hash-style=gnu --enable-languages=c,c++,objc,obj-c++,fortran,lto --enable-plugin --enable-initfini-array --disable-libgcj --with-isl=/builddir/build/BUILD/gcc-7.3.0/obj-x86_64-linux-gnu/isl-install --without-cloog --enable-gnu-indirect-function --build=x86_64-linux-gnu --with-stage1-ldflags=' -Wl,-z,relro,-z,now' --with-boot-ldflags=' -Wl,-z,relro,-z,now' --with-tune=generic --with-arch_32=x86-64 --disable-multilib
Thread model: posix
gcc version 7.3.0 (GCC) 
COMPILER_PATH=/usr/libexec/gcc/x86_64-linux-gnu/7.3.0/:/usr/libexec/gcc/x86_64-linux-gnu/7.3.0/:/usr/libexec/gcc/x86_64-linux-gnu/:/usr/lib/gcc/x86_64-linux-gnu/7.3.0/:/usr/lib/gcc/x86_64-linux-gnu/
LIBRARY_PATH=/usr/lib/gcc/x86_64-linux-gnu/7.3.0/:/usr/lib/gcc/x86_64-linux-gnu/7.3.0/../../../../lib64/:/lib/../lib64/:/usr/lib/../lib64/:/usr/lib/gcc/x86_64-linux-gnu/7.3.0/../../../:/lib/:/usr/lib/
COLLECT_GCC_OPTIONS='-v' '-o' 'cmTC_71922' '-mtune=generic' '-march=x86-64'
 /usr/libexec/gcc/x86_64-linux-gnu/7.3.0/collect2 -plugin /usr/libexec/gcc/x86_64-linux-gnu/7.3.0/liblto_plugin.so -plugin-opt=/usr/libexec/gcc/x86_64-linux-gnu/7.3.0/lto-wrapper -plugin-opt=-fresolution=/tmp/ccu779V5.res -plugin-opt=-pass-through=-lgcc -plugin-opt=-pass-through=-lgcc_s -plugin-opt=-pass-through=-lc -plugin-opt=-pass-through=-lgcc -plugin-opt=-pass-through=-lgcc_s --build-id --eh-frame-hdr --hash-style=gnu -m elf_x86_64 -dynamic-linker /lib64/ld-linux-x86-64.so.2 -o cmTC_71922 /usr/lib/gcc/x86_64-linux-gnu/7.3.0/../../../../lib64/crt1.o /usr/lib/gcc/x86_64-linux-gnu/7.3.0/../../../../lib64/crti.o /usr/lib/gcc/x86_64-linux-gnu/7.3.0/crtbegin.o -L/usr/lib/gcc/x86_64-linux-gnu/7.3.0 -L/usr/lib/gcc/x86_64-linux-gnu/7.3.0/../../../../lib64 -L/lib/../lib64 -L/usr/lib/../lib64 -L/usr/lib/gcc/x86_64-linux-gnu/7.3.0/../../.. CMakeFiles/cmTC_71922.dir/CMakeCCompilerABI.c.o -lgcc --as-needed -lgcc_s --no-as-needed -lc -lgcc --as-needed -lgcc_s --no-as-needed /usr/lib/gcc/x86_64-linux-gnu/7.3.0/crtend.o /usr/lib/gcc/x86_64-linux-gnu/7.3.0/../../../../lib64/crtn.o
COLLECT_GCC_OPTIONS='-v' '-o' 'cmTC_71922' '-mtune=generic' '-march=x86-64'
gmake[1]: Leaving directory '/root/testProtocal/build/CMakeFiles/CMakeTmp'



Parsed C implicit include dir info from above output: rv=done
  found start of include info
  found start of implicit include info
    add: [/usr/lib/gcc/x86_64-linux-gnu/7.3.0/include]
    add: [/usr/local/include]
    add: [/usr/include]
  end of search list found
  collapse include dir [/usr/lib/gcc/x86_64-linux-gnu/7.3.0/include] ==> [/usr/lib/gcc/x86_64-linux-gnu/7.3.0/include]
  collapse include dir [/usr/local/include] ==> [/usr/local/include]
  collapse include dir [/usr/include] ==> [/usr/include]
  implicit include dirs: [/usr/lib/gcc/x86_64-linux-gnu/7.3.0/include;/usr/local/include;/usr/include]


Parsed C implicit link information from above output:
  link line regex: [^( *|.*[/\])(ld|CMAKE_LINK_STARTFILE-NOTFOUND|([^/\]+-)?ld|collect2)[^/\]*( |$)]
  ignore line: [Change Dir: /root/testProtocal/build/CMakeFiles/CMakeTmp]
  ignore line: []
  ignore line: [Run Build Command(s):/usr/bin/gmake cmTC_71922/fast && /usr/bin/gmake -f CMakeFiles/cmTC_71922.dir/build.make CMakeFiles/cmTC_71922.dir/build]
  ignore line: [gmake[1]: Entering directory '/root/testProtocal/build/CMakeFiles/CMakeTmp']
  ignore line: [Building C object CMakeFiles/cmTC_71922.dir/CMakeCCompilerABI.c.o]
  ignore line: [/usr/bin/gcc   -v -o CMakeFiles/cmTC_71922.dir/CMakeCCompilerABI.c.o   -c /usr/share/cmake/Modules/CMakeCCompilerABI.c]
  ignore line: [Using built-in specs.]
  ignore line: [COLLECT_GCC=/usr/bin/gcc]
  ignore line: [Target: x86_64-linux-gnu]
  ignore line: [Configured with: ../configure --prefix=/usr --mandir=/usr/share/man --infodir=/usr/share/info --enable-shared --enable-threads=posix --enable-checking=release --with-system-zlib --enable-__cxa_atexit --disable-libunwind-exceptions --enable-gnu-unique-object --enable-linker-build-id --with-linker-hash-style=gnu --enable-languages=c,c++,objc,obj-c++,fortran,lto --enable-plugin --enable-initfini-array --disable-libgcj --with-isl=/builddir/build/BUILD/gcc-7.3.0/obj-x86_64-linux-gnu/isl-install --without-cloog --enable-gnu-indirect-function --build=x86_64-linux-gnu --with-stage1-ldflags=' -Wl,-z,relro,-z,now' --with-boot-ldflags=' -Wl,-z,relro,-z,now' --with-tune=generic --with-arch_32=x86-64 --disable-multilib]
  ignore line: [Thread model: posix]
  ignore line: [gcc version 7.3.0 (GCC) ]
  ignore line: [COLLECT_GCC_OPTIONS='-v' '-o' 'CMakeFiles/cmTC_71922.dir/CMakeCCompilerABI.c.o' '-c' '-mtune=generic' '-march=x86-64']
  ignore line: [ /usr/libexec/gcc/x86_64-linux-gnu/7.3.0/cc1 -quiet -v /usr/share/cmake/Modules/CMakeCCompilerABI.c -quiet -dumpbase CMakeCCompilerABI.c -mtune=generic -march=x86-64 -auxbase-strip CMakeFiles/cmTC_71922.dir/CMakeCCompilerABI.c.o -version -o /tmp/ccbrQIJ2.s]
  ignore line: [GNU C11 (GCC) version 7.3.0 (x86_64-linux-gnu)]
  ignore line: [	compiled by GNU C version 7.3.0  GMP version 6.2.0  MPFR version 4.1.0  MPC version 1.2.0  isl version isl-0.21-GMP]
  ignore line: []
  ignore line: [GGC heuristics: --param ggc-min-expand=100 --param ggc-min-heapsize=131072]
  ignore line: [ignoring nonexistent directory "/usr/lib/gcc/x86_64-linux-gnu/7.3.0/include-fixed"]
  ignore line: [ignoring nonexistent directory "/usr/lib/gcc/x86_64-linux-gnu/7.3.0/../../../../x86_64-linux-gnu/include"]
  ignore line: [#include "..." search starts here:]
  ignore line: [#include <...> search starts here:]
  ignore line: [ /usr/lib/gcc/x86_64-linux-gnu/7.3.0/include]
  ignore line: [ /usr/local/include]
  ignore line: [ /usr/include]
  ignore line: [End of search list.]
  ignore line: [GNU C11 (GCC) version 7.3.0 (x86_64-linux-gnu)]
  ignore line: [	compiled by GNU C version 7.3.0  GMP version 6.2.0  MPFR version 4.1.0  MPC version 1.2.0  isl version isl-0.21-GMP]
  ignore line: []
  ignore line: [GGC heuristics: --param ggc-min-expand=100 --param ggc-min-heapsize=131072]
  ignore line: [Compiler executable checksum: 2d3ea5782a82b0f5c18728a0a7679826]
  ignore line: [COLLECT_GCC_OPTIONS='-v' '-o' 'CMakeFiles/cmTC_71922.dir/CMakeCCompilerABI.c.o' '-c' '-mtune=generic' '-march=x86-64']
  ignore line: [ as -v --64 -o CMakeFiles/cmTC_71922.dir/CMakeCCompilerABI.c.o /tmp/ccbrQIJ2.s]
  ignore line: [GNU assembler version 2.34 (x86_64-kylin-linux) using BFD version (GNU Binutils) 2.34]
  ignore line: [COMPILER_PATH=/usr/libexec/gcc/x86_64-linux-gnu/7.3.0/:/usr/libexec/gcc/x86_64-linux-gnu/7.3.0/:/usr/libexec/gcc/x86_64-linux-gnu/:/usr/lib/gcc/x86_64-linux-gnu/7.3.0/:/usr/lib/gcc/x86_64-linux-gnu/]
  ignore line: [LIBRARY_PATH=/usr/lib/gcc/x86_64-linux-gnu/7.3.0/:/usr/lib/gcc/x86_64-linux-gnu/7.3.0/../../../../lib64/:/lib/../lib64/:/usr/lib/../lib64/:/usr/lib/gcc/x86_64-linux-gnu/7.3.0/../../../:/lib/:/usr/lib/]
  ignore line: [COLLECT_GCC_OPTIONS='-v' '-o' 'CMakeFiles/cmTC_71922.dir/CMakeCCompilerABI.c.o' '-c' '-mtune=generic' '-march=x86-64']
  ignore line: [Linking C executable cmTC_71922]
  ignore line: [/usr/bin/cmake -E cmake_link_script CMakeFiles/cmTC_71922.dir/link.txt --verbose=1]
  ignore line: [/usr/bin/gcc     -v CMakeFiles/cmTC_71922.dir/CMakeCCompilerABI.c.o  -o cmTC_71922 ]
  ignore line: [Using built-in specs.]
  ignore line: [COLLECT_GCC=/usr/bin/gcc]
  ignore line: [COLLECT_LTO_WRAPPER=/usr/libexec/gcc/x86_64-linux-gnu/7.3.0/lto-wrapper]
  ignore line: [Target: x86_64-linux-gnu]
  ignore line: [Configured with: ../configure --prefix=/usr --mandir=/usr/share/man --infodir=/usr/share/info --enable-shared --enable-threads=posix --enable-checking=release --with-system-zlib --enable-__cxa_atexit --disable-libunwind-exceptions --enable-gnu-unique-object --enable-linker-build-id --with-linker-hash-style=gnu --enable-languages=c,c++,objc,obj-c++,fortran,lto --enable-plugin --enable-initfini-array --disable-libgcj --with-isl=/builddir/build/BUILD/gcc-7.3.0/obj-x86_64-linux-gnu/isl-install --without-cloog --enable-gnu-indirect-function --build=x86_64-linux-gnu --with-stage1-ldflags=' -Wl,-z,relro,-z,now' --with-boot-ldflags=' -Wl,-z,relro,-z,now' --with-tune=generic --with-arch_32=x86-64 --disable-multilib]
  ignore line: [Thread model: posix]
  ignore line: [gcc version 7.3.0 (GCC) ]
  ignore line: [COMPILER_PATH=/usr/libexec/gcc/x86_64-linux-gnu/7.3.0/:/usr/libexec/gcc/x86_64-linux-gnu/7.3.0/:/usr/libexec/gcc/x86_64-linux-gnu/:/usr/lib/gcc/x86_64-linux-gnu/7.3.0/:/usr/lib/gcc/x86_64-linux-gnu/]
  ignore line: [LIBRARY_PATH=/usr/lib/gcc/x86_64-linux-gnu/7.3.0/:/usr/lib/gcc/x86_64-linux-gnu/7.3.0/../../../../lib64/:/lib/../lib64/:/usr/lib/../lib64/:/usr/lib/gcc/x86_64-linux-gnu/7.3.0/../../../:/lib/:/usr/lib/]
  ignore line: [COLLECT_GCC_OPTIONS='-v' '-o' 'cmTC_71922' '-mtune=generic' '-march=x86-64']
  link line: [ /usr/libexec/gcc/x86_64-linux-gnu/7.3.0/collect2 -plugin /usr/libexec/gcc/x86_64-linux-gnu/7.3.0/liblto_plugin.so -plugin-opt=/usr/libexec/gcc/x86_64-linux-gnu/7.3.0/lto-wrapper -plugin-opt=-fresolution=/tmp/ccu779V5.res -plugin-opt=-pass-through=-lgcc -plugin-opt=-pass-through=-lgcc_s -plugin-opt=-pass-through=-lc -plugin-opt=-pass-through=-lgcc -plugin-opt=-pass-through=-lgcc_s --build-id --eh-frame-hdr --hash-style=gnu -m elf_x86_64 -dynamic-linker /lib64/ld-linux-x86-64.so.2 -o cmTC_71922 /usr/lib/gcc/x86_64-linux-gnu/7.3.0/../../../../lib64/crt1.o /usr/lib/gcc/x86_64-linux-gnu/7.3.0/../../../../lib64/crti.o /usr/lib/gcc/x86_64-linux-gnu/7.3.0/crtbegin.o -L/usr/lib/gcc/x86_64-linux-gnu/7.3.0 -L/usr/lib/gcc/x86_64-linux-gnu/7.3.0/../../../../lib64 -L/lib/../lib64 -L/usr/lib/../lib64 -L/usr/lib/gcc/x86_64-linux-gnu/7.3.0/../../.. CMakeFiles/cmTC_71922.dir/CMakeCCompilerABI.c.o -lgcc --as-needed -lgcc_s --no-as-needed -lc -lgcc --as-needed -lgcc_s --no-as-needed /usr/lib/gcc/x86_64-linux-gnu/7.3.0/crtend.o /usr/lib/gcc/x86_64-linux-gnu/7.3.0/../../../../lib64/crtn.o]
    arg [/usr/libexec/gcc/x86_64-linux-gnu/7.3.0/collect2] ==> ignore
    arg [-plugin] ==> ignore
    arg [/usr/libexec/gcc/x86_64-linux-gnu/7.3.0/liblto_plugin.so] ==> ignore
    arg [-plugin-opt=/usr/libexec/gcc/x86_64-linux-gnu/7.3.0/lto-wrapper] ==> ignore
    arg [-plugin-opt=-fresolution=/tmp/ccu779V5.res] ==> ignore
    arg [-plugin-opt=-pass-through=-lgcc] ==> ignore
    arg [-plugin-opt=-pass-through=-lgcc_s] ==> ignore
    arg [-plugin-opt=-pass-through=-lc] ==> ignore
    arg [-plugin-opt=-pass-through=-lgcc] ==> ignore
    arg [-plugin-opt=-pass-through=-lgcc_s] ==> ignore
    arg [--build-id] ==> ignore
    arg [--eh-frame-hdr] ==> ignore
    arg [--hash-style=gnu] ==> ignore
    arg [-m] ==> ignore
    arg [elf_x86_64] ==> ignore
    arg [-dynamic-linker] ==> ignore
    arg [/lib64/ld-linux-x86-64.so.2] ==> ignore
    arg [-o] ==> ignore
    arg [cmTC_71922] ==> ignore
    arg [/usr/lib/gcc/x86_64-linux-gnu/7.3.0/../../../../lib64/crt1.o] ==> ignore
    arg [/usr/lib/gcc/x86_64-linux-gnu/7.3.0/../../../../lib64/crti.o] ==> ignore
    arg [/usr/lib/gcc/x86_64-linux-gnu/7.3.0/crtbegin.o] ==> ignore
    arg [-L/usr/lib/gcc/x86_64-linux-gnu/7.3.0] ==> dir [/usr/lib/gcc/x86_64-linux-gnu/7.3.0]
    arg [-L/usr/lib/gcc/x86_64-linux-gnu/7.3.0/../../../../lib64] ==> dir [/usr/lib/gcc/x86_64-linux-gnu/7.3.0/../../../../lib64]
    arg [-L/lib/../lib64] ==> dir [/lib/../lib64]
    arg [-L/usr/lib/../lib64] ==> dir [/usr/lib/../lib64]
    arg [-L/usr/lib/gcc/x86_64-linux-gnu/7.3.0/../../..] ==> dir [/usr/lib/gcc/x86_64-linux-gnu/7.3.0/../../..]
    arg [CMakeFiles/cmTC_71922.dir/CMakeCCompilerABI.c.o] ==> ignore
    arg [-lgcc] ==> lib [gcc]
    arg [--as-needed] ==> ignore
    arg [-lgcc_s] ==> lib [gcc_s]
    arg [--no-as-needed] ==> ignore
    arg [-lc] ==> lib [c]
    arg [-lgcc] ==> lib [gcc]
    arg [--as-needed] ==> ignore
    arg [-lgcc_s] ==> lib [gcc_s]
    arg [--no-as-needed] ==> ignore
    arg [/usr/lib/gcc/x86_64-linux-gnu/7.3.0/crtend.o] ==> ignore
    arg [/usr/lib/gcc/x86_64-linux-gnu/7.3.0/../../../../lib64/crtn.o] ==> ignore
  collapse library dir [/usr/lib/gcc/x86_64-linux-gnu/7.3.0] ==> [/usr/lib/gcc/x86_64-linux-gnu/7.3.0]
  collapse library dir [/usr/lib/gcc/x86_64-linux-gnu/7.3.0/../../../../lib64] ==> [/usr/lib64]
  collapse library dir [/lib/../lib64] ==> [/lib64]
  collapse library dir [/usr/lib/../lib64] ==> [/usr/lib64]
  collapse library dir [/usr/lib/gcc/x86_64-linux-gnu/7.3.0/../../..] ==> [/usr/lib]
  implicit libs: [gcc;gcc_s;c;gcc;gcc_s]
  implicit dirs: [/usr/lib/gcc/x86_64-linux-gnu/7.3.0;/usr/lib64;/lib64;/usr/lib]
  implicit fwks: []


Determining if the CXX compiler works passed with the following output:
Change Dir: /root/testProtocal/build/CMakeFiles/CMakeTmp

Run Build Command(s):/usr/bin/gmake cmTC_406ee/fast && /usr/bin/gmake -f CMakeFiles/cmTC_406ee.dir/build.make CMakeFiles/cmTC_406ee.dir/build
gmake[1]: 进入目录“/root/testProtocal/build/CMakeFiles/CMakeTmp”
Building CXX object CMakeFiles/cmTC_406ee.dir/testCXXCompiler.cxx.o
/usr/bin/g++     -o CMakeFiles/cmTC_406ee.dir/testCXXCompiler.cxx.o -c /root/testProtocal/build/CMakeFiles/CMakeTmp/testCXXCompiler.cxx
Linking CXX executable cmTC_406ee
/usr/bin/cmake -E cmake_link_script CMakeFiles/cmTC_406ee.dir/link.txt --verbose=1
/usr/bin/g++       CMakeFiles/cmTC_406ee.dir/testCXXCompiler.cxx.o  -o cmTC_406ee 
gmake[1]: 离开目录“/root/testProtocal/build/CMakeFiles/CMakeTmp”



Detecting CXX compiler ABI info compiled with the following output:
Change Dir: /root/testProtocal/build/CMakeFiles/CMakeTmp

Run Build Command(s):/usr/bin/gmake cmTC_de5b9/fast && /usr/bin/gmake -f CMakeFiles/cmTC_de5b9.dir/build.make CMakeFiles/cmTC_de5b9.dir/build
gmake[1]: Entering directory '/root/testProtocal/build/CMakeFiles/CMakeTmp'
Building CXX object CMakeFiles/cmTC_de5b9.dir/CMakeCXXCompilerABI.cpp.o
/usr/bin/g++    -v -o CMakeFiles/cmTC_de5b9.dir/CMakeCXXCompilerABI.cpp.o -c /usr/share/cmake/Modules/CMakeCXXCompilerABI.cpp
Using built-in specs.
COLLECT_GCC=/usr/bin/g++
Target: x86_64-linux-gnu
Configured with: ../configure --prefix=/usr --mandir=/usr/share/man --infodir=/usr/share/info --enable-shared --enable-threads=posix --enable-checking=release --with-system-zlib --enable-__cxa_atexit --disable-libunwind-exceptions --enable-gnu-unique-object --enable-linker-build-id --with-linker-hash-style=gnu --enable-languages=c,c++,objc,obj-c++,fortran,lto --enable-plugin --enable-initfini-array --disable-libgcj --with-isl=/builddir/build/BUILD/gcc-7.3.0/obj-x86_64-linux-gnu/isl-install --without-cloog --enable-gnu-indirect-function --build=x86_64-linux-gnu --with-stage1-ldflags=' -Wl,-z,relro,-z,now' --with-boot-ldflags=' -Wl,-z,relro,-z,now' --with-tune=generic --with-arch_32=x86-64 --disable-multilib
Thread model: posix
gcc version 7.3.0 (GCC) 
COLLECT_GCC_OPTIONS='-v' '-o' 'CMakeFiles/cmTC_de5b9.dir/CMakeCXXCompilerABI.cpp.o' '-c' '-shared-libgcc' '-mtune=generic' '-march=x86-64'
 /usr/libexec/gcc/x86_64-linux-gnu/7.3.0/cc1plus -quiet -v -D_GNU_SOURCE /usr/share/cmake/Modules/CMakeCXXCompilerABI.cpp -quiet -dumpbase CMakeCXXCompilerABI.cpp -mtune=generic -march=x86-64 -auxbase-strip CMakeFiles/cmTC_de5b9.dir/CMakeCXXCompilerABI.cpp.o -version -o /tmp/ccpiYttf.s
GNU C++14 (GCC) version 7.3.0 (x86_64-linux-gnu)
	compiled by GNU C version 7.3.0, GMP version 6.2.0, MPFR version 4.1.0, MPC version 1.2.0, isl version isl-0.21-GMP

GGC heuristics: --param ggc-min-expand=100 --param ggc-min-heapsize=131072
ignoring nonexistent directory "/usr/lib/gcc/x86_64-linux-gnu/7.3.0/include-fixed"
ignoring nonexistent directory "/usr/lib/gcc/x86_64-linux-gnu/7.3.0/../../../../x86_64-linux-gnu/include"
#include "..." search starts here:
#include <...> search starts here:
 /usr/lib/gcc/x86_64-linux-gnu/7.3.0/../../../../include/c++/7.3.0
 /usr/lib/gcc/x86_64-linux-gnu/7.3.0/../../../../include/c++/7.3.0/x86_64-linux-gnu
 /usr/lib/gcc/x86_64-linux-gnu/7.3.0/../../../../include/c++/7.3.0/backward
 /usr/lib/gcc/x86_64-linux-gnu/7.3.0/include
 /usr/local/include
 /usr/include
End of search list.
GNU C++14 (GCC) version 7.3.0 (x86_64-linux-gnu)
	compiled by GNU C version 7.3.0, GMP version 6.2.0, MPFR version 4.1.0, MPC version 1.2.0, isl version isl-0.21-GMP

GGC heuristics: --param ggc-min-expand=100 --param ggc-min-heapsize=131072
Compiler executable checksum: 4462fdbaf9bd74ac47e700282341cc5d
COLLECT_GCC_OPTIONS='-v' '-o' 'CMakeFiles/cmTC_de5b9.dir/CMakeCXXCompilerABI.cpp.o' '-c' '-shared-libgcc' '-mtune=generic' '-march=x86-64'
 as -v --64 -o CMakeFiles/cmTC_de5b9.dir/CMakeCXXCompilerABI.cpp.o /tmp/ccpiYttf.s
GNU assembler version 2.34 (x86_64-kylin-linux) using BFD version (GNU Binutils) 2.34
COMPILER_PATH=/usr/libexec/gcc/x86_64-linux-gnu/7.3.0/:/usr/libexec/gcc/x86_64-linux-gnu/7.3.0/:/usr/libexec/gcc/x86_64-linux-gnu/:/usr/lib/gcc/x86_64-linux-gnu/7.3.0/:/usr/lib/gcc/x86_64-linux-gnu/
LIBRARY_PATH=/usr/lib/gcc/x86_64-linux-gnu/7.3.0/:/usr/lib/gcc/x86_64-linux-gnu/7.3.0/../../../../lib64/:/lib/../lib64/:/usr/lib/../lib64/:/usr/lib/gcc/x86_64-linux-gnu/7.3.0/../../../:/lib/:/usr/lib/
COLLECT_GCC_OPTIONS='-v' '-o' 'CMakeFiles/cmTC_de5b9.dir/CMakeCXXCompilerABI.cpp.o' '-c' '-shared-libgcc' '-mtune=generic' '-march=x86-64'
Linking CXX executable cmTC_de5b9
/usr/bin/cmake -E cmake_link_script CMakeFiles/cmTC_de5b9.dir/link.txt --verbose=1
/usr/bin/g++      -v CMakeFiles/cmTC_de5b9.dir/CMakeCXXCompilerABI.cpp.o  -o cmTC_de5b9 
Using built-in specs.
COLLECT_GCC=/usr/bin/g++
COLLECT_LTO_WRAPPER=/usr/libexec/gcc/x86_64-linux-gnu/7.3.0/lto-wrapper
Target: x86_64-linux-gnu
Configured with: ../configure --prefix=/usr --mandir=/usr/share/man --infodir=/usr/share/info --enable-shared --enable-threads=posix --enable-checking=release --with-system-zlib --enable-__cxa_atexit --disable-libunwind-exceptions --enable-gnu-unique-object --enable-linker-build-id --with-linker-hash-style=gnu --enable-languages=c,c++,objc,obj-c++,fortran,lto --enable-plugin --enable-initfini-array --disable-libgcj --with-isl=/builddir/build/BUILD/gcc-7.3.0/obj-x86_64-linux-gnu/isl-install --without-cloog --enable-gnu-indirect-function --build=x86_64-linux-gnu --with-stage1-ldflags=' -Wl,-z,relro,-z,now' --with-boot-ldflags=' -Wl,-z,relro,-z,now' --with-tune=generic --with-arch_32=x86-64 --disable-multilib
Thread model: posix
gcc version 7.3.0 (GCC) 
COMPILER_PATH=/usr/libexec/gcc/x86_64-linux-gnu/7.3.0/:/usr/libexec/gcc/x86_64-linux-gnu/7.3.0/:/usr/libexec/gcc/x86_64-linux-gnu/:/usr/lib/gcc/x86_64-linux-gnu/7.3.0/:/usr/lib/gcc/x86_64-linux-gnu/
LIBRARY_PATH=/usr/lib/gcc/x86_64-linux-gnu/7.3.0/:/usr/lib/gcc/x86_64-linux-gnu/7.3.0/../../../../lib64/:/lib/../lib64/:/usr/lib/../lib64/:/usr/lib/gcc/x86_64-linux-gnu/7.3.0/../../../:/lib/:/usr/lib/
COLLECT_GCC_OPTIONS='-v' '-o' 'cmTC_de5b9' '-shared-libgcc' '-mtune=generic' '-march=x86-64'
 /usr/libexec/gcc/x86_64-linux-gnu/7.3.0/collect2 -plugin /usr/libexec/gcc/x86_64-linux-gnu/7.3.0/liblto_plugin.so -plugin-opt=/usr/libexec/gcc/x86_64-linux-gnu/7.3.0/lto-wrapper -plugin-opt=-fresolution=/tmp/ccGuTkEi.res -plugin-opt=-pass-through=-lgcc_s -plugin-opt=-pass-through=-lgcc -plugin-opt=-pass-through=-lc -plugin-opt=-pass-through=-lgcc_s -plugin-opt=-pass-through=-lgcc --build-id --eh-frame-hdr --hash-style=gnu -m elf_x86_64 -dynamic-linker /lib64/ld-linux-x86-64.so.2 -o cmTC_de5b9 /usr/lib/gcc/x86_64-linux-gnu/7.3.0/../../../../lib64/crt1.o /usr/lib/gcc/x86_64-linux-gnu/7.3.0/../../../../lib64/crti.o /usr/lib/gcc/x86_64-linux-gnu/7.3.0/crtbegin.o -L/usr/lib/gcc/x86_64-linux-gnu/7.3.0 -L/usr/lib/gcc/x86_64-linux-gnu/7.3.0/../../../../lib64 -L/lib/../lib64 -L/usr/lib/../lib64 -L/usr/lib/gcc/x86_64-linux-gnu/7.3.0/../../.. CMakeFiles/cmTC_de5b9.dir/CMakeCXXCompilerABI.cpp.o -lstdc++ -lm -lgcc_s -lgcc -lc -lgcc_s -lgcc /usr/lib/gcc/x86_64-linux-gnu/7.3.0/crtend.o /usr/lib/gcc/x86_64-linux-gnu/7.3.0/../../../../lib64/crtn.o
COLLECT_GCC_OPTIONS='-v' '-o' 'cmTC_de5b9' '-shared-libgcc' '-mtune=generic' '-march=x86-64'
gmake[1]: Leaving directory '/root/testProtocal/build/CMakeFiles/CMakeTmp'



Parsed CXX implicit include dir info from above output: rv=done
  found start of include info
  found start of implicit include info
    add: [/usr/lib/gcc/x86_64-linux-gnu/7.3.0/../../../../include/c++/7.3.0]
    add: [/usr/lib/gcc/x86_64-linux-gnu/7.3.0/../../../../include/c++/7.3.0/x86_64-linux-gnu]
    add: [/usr/lib/gcc/x86_64-linux-gnu/7.3.0/../../../../include/c++/7.3.0/backward]
    add: [/usr/lib/gcc/x86_64-linux-gnu/7.3.0/include]
    add: [/usr/local/include]
    add: [/usr/include]
  end of search list found
  collapse include dir [/usr/lib/gcc/x86_64-linux-gnu/7.3.0/../../../../include/c++/7.3.0] ==> [/usr/include/c++/7.3.0]
  collapse include dir [/usr/lib/gcc/x86_64-linux-gnu/7.3.0/../../../../include/c++/7.3.0/x86_64-linux-gnu] ==> [/usr/include/c++/7.3.0/x86_64-linux-gnu]
  collapse include dir [/usr/lib/gcc/x86_64-linux-gnu/7.3.0/../../../../include/c++/7.3.0/backward] ==> [/usr/include/c++/7.3.0/backward]
  collapse include dir [/usr/lib/gcc/x86_64-linux-gnu/7.3.0/include] ==> [/usr/lib/gcc/x86_64-linux-gnu/7.3.0/include]
  collapse include dir [/usr/local/include] ==> [/usr/local/include]
  collapse include dir [/usr/include] ==> [/usr/include]
  implicit include dirs: [/usr/include/c++/7.3.0;/usr/include/c++/7.3.0/x86_64-linux-gnu;/usr/include/c++/7.3.0/backward;/usr/lib/gcc/x86_64-linux-gnu/7.3.0/include;/usr/local/include;/usr/include]


Parsed CXX implicit link information from above output:
  link line regex: [^( *|.*[/\])(ld|CMAKE_LINK_STARTFILE-NOTFOUND|([^/\]+-)?ld|collect2)[^/\]*( |$)]
  ignore line: [Change Dir: /root/testProtocal/build/CMakeFiles/CMakeTmp]
  ignore line: []
  ignore line: [Run Build Command(s):/usr/bin/gmake cmTC_de5b9/fast && /usr/bin/gmake -f CMakeFiles/cmTC_de5b9.dir/build.make CMakeFiles/cmTC_de5b9.dir/build]
  ignore line: [gmake[1]: Entering directory '/root/testProtocal/build/CMakeFiles/CMakeTmp']
  ignore line: [Building CXX object CMakeFiles/cmTC_de5b9.dir/CMakeCXXCompilerABI.cpp.o]
  ignore line: [/usr/bin/g++    -v -o CMakeFiles/cmTC_de5b9.dir/CMakeCXXCompilerABI.cpp.o -c /usr/share/cmake/Modules/CMakeCXXCompilerABI.cpp]
  ignore line: [Using built-in specs.]
  ignore line: [COLLECT_GCC=/usr/bin/g++]
  ignore line: [Target: x86_64-linux-gnu]
  ignore line: [Configured with: ../configure --prefix=/usr --mandir=/usr/share/man --infodir=/usr/share/info --enable-shared --enable-threads=posix --enable-checking=release --with-system-zlib --enable-__cxa_atexit --disable-libunwind-exceptions --enable-gnu-unique-object --enable-linker-build-id --with-linker-hash-style=gnu --enable-languages=c,c++,objc,obj-c++,fortran,lto --enable-plugin --enable-initfini-array --disable-libgcj --with-isl=/builddir/build/BUILD/gcc-7.3.0/obj-x86_64-linux-gnu/isl-install --without-cloog --enable-gnu-indirect-function --build=x86_64-linux-gnu --with-stage1-ldflags=' -Wl,-z,relro,-z,now' --with-boot-ldflags=' -Wl,-z,relro,-z,now' --with-tune=generic --with-arch_32=x86-64 --disable-multilib]
  ignore line: [Thread model: posix]
  ignore line: [gcc version 7.3.0 (GCC) ]
  ignore line: [COLLECT_GCC_OPTIONS='-v' '-o' 'CMakeFiles/cmTC_de5b9.dir/CMakeCXXCompilerABI.cpp.o' '-c' '-shared-libgcc' '-mtune=generic' '-march=x86-64']
  ignore line: [ /usr/libexec/gcc/x86_64-linux-gnu/7.3.0/cc1plus -quiet -v -D_GNU_SOURCE /usr/share/cmake/Modules/CMakeCXXCompilerABI.cpp -quiet -dumpbase CMakeCXXCompilerABI.cpp -mtune=generic -march=x86-64 -auxbase-strip CMakeFiles/cmTC_de5b9.dir/CMakeCXXCompilerABI.cpp.o -version -o /tmp/ccpiYttf.s]
  ignore line: [GNU C++14 (GCC) version 7.3.0 (x86_64-linux-gnu)]
  ignore line: [	compiled by GNU C version 7.3.0  GMP version 6.2.0  MPFR version 4.1.0  MPC version 1.2.0  isl version isl-0.21-GMP]
  ignore line: []
  ignore line: [GGC heuristics: --param ggc-min-expand=100 --param ggc-min-heapsize=131072]
  ignore line: [ignoring nonexistent directory "/usr/lib/gcc/x86_64-linux-gnu/7.3.0/include-fixed"]
  ignore line: [ignoring nonexistent directory "/usr/lib/gcc/x86_64-linux-gnu/7.3.0/../../../../x86_64-linux-gnu/include"]
  ignore line: [#include "..." search starts here:]
  ignore line: [#include <...> search starts here:]
  ignore line: [ /usr/lib/gcc/x86_64-linux-gnu/7.3.0/../../../../include/c++/7.3.0]
  ignore line: [ /usr/lib/gcc/x86_64-linux-gnu/7.3.0/../../../../include/c++/7.3.0/x86_64-linux-gnu]
  ignore line: [ /usr/lib/gcc/x86_64-linux-gnu/7.3.0/../../../../include/c++/7.3.0/backward]
  ignore line: [ /usr/lib/gcc/x86_64-linux-gnu/7.3.0/include]
  ignore line: [ /usr/local/include]
  ignore line: [ /usr/include]
  ignore line: [End of search list.]
  ignore line: [GNU C++14 (GCC) version 7.3.0 (x86_64-linux-gnu)]
  ignore line: [	compiled by GNU C version 7.3.0  GMP version 6.2.0  MPFR version 4.1.0  MPC version 1.2.0  isl version isl-0.21-GMP]
  ignore line: []
  ignore line: [GGC heuristics: --param ggc-min-expand=100 --param ggc-min-heapsize=131072]
  ignore line: [Compiler executable checksum: 4462fdbaf9bd74ac47e700282341cc5d]
  ignore line: [COLLECT_GCC_OPTIONS='-v' '-o' 'CMakeFiles/cmTC_de5b9.dir/CMakeCXXCompilerABI.cpp.o' '-c' '-shared-libgcc' '-mtune=generic' '-march=x86-64']
  ignore line: [ as -v --64 -o CMakeFiles/cmTC_de5b9.dir/CMakeCXXCompilerABI.cpp.o /tmp/ccpiYttf.s]
  ignore line: [GNU assembler version 2.34 (x86_64-kylin-linux) using BFD version (GNU Binutils) 2.34]
  ignore line: [COMPILER_PATH=/usr/libexec/gcc/x86_64-linux-gnu/7.3.0/:/usr/libexec/gcc/x86_64-linux-gnu/7.3.0/:/usr/libexec/gcc/x86_64-linux-gnu/:/usr/lib/gcc/x86_64-linux-gnu/7.3.0/:/usr/lib/gcc/x86_64-linux-gnu/]
  ignore line: [LIBRARY_PATH=/usr/lib/gcc/x86_64-linux-gnu/7.3.0/:/usr/lib/gcc/x86_64-linux-gnu/7.3.0/../../../../lib64/:/lib/../lib64/:/usr/lib/../lib64/:/usr/lib/gcc/x86_64-linux-gnu/7.3.0/../../../:/lib/:/usr/lib/]
  ignore line: [COLLECT_GCC_OPTIONS='-v' '-o' 'CMakeFiles/cmTC_de5b9.dir/CMakeCXXCompilerABI.cpp.o' '-c' '-shared-libgcc' '-mtune=generic' '-march=x86-64']
  ignore line: [Linking CXX executable cmTC_de5b9]
  ignore line: [/usr/bin/cmake -E cmake_link_script CMakeFiles/cmTC_de5b9.dir/link.txt --verbose=1]
  ignore line: [/usr/bin/g++      -v CMakeFiles/cmTC_de5b9.dir/CMakeCXXCompilerABI.cpp.o  -o cmTC_de5b9 ]
  ignore line: [Using built-in specs.]
  ignore line: [COLLECT_GCC=/usr/bin/g++]
  ignore line: [COLLECT_LTO_WRAPPER=/usr/libexec/gcc/x86_64-linux-gnu/7.3.0/lto-wrapper]
  ignore line: [Target: x86_64-linux-gnu]
  ignore line: [Configured with: ../configure --prefix=/usr --mandir=/usr/share/man --infodir=/usr/share/info --enable-shared --enable-threads=posix --enable-checking=release --with-system-zlib --enable-__cxa_atexit --disable-libunwind-exceptions --enable-gnu-unique-object --enable-linker-build-id --with-linker-hash-style=gnu --enable-languages=c,c++,objc,obj-c++,fortran,lto --enable-plugin --enable-initfini-array --disable-libgcj --with-isl=/builddir/build/BUILD/gcc-7.3.0/obj-x86_64-linux-gnu/isl-install --without-cloog --enable-gnu-indirect-function --build=x86_64-linux-gnu --with-stage1-ldflags=' -Wl,-z,relro,-z,now' --with-boot-ldflags=' -Wl,-z,relro,-z,now' --with-tune=generic --with-arch_32=x86-64 --disable-multilib]
  ignore line: [Thread model: posix]
  ignore line: [gcc version 7.3.0 (GCC) ]
  ignore line: [COMPILER_PATH=/usr/libexec/gcc/x86_64-linux-gnu/7.3.0/:/usr/libexec/gcc/x86_64-linux-gnu/7.3.0/:/usr/libexec/gcc/x86_64-linux-gnu/:/usr/lib/gcc/x86_64-linux-gnu/7.3.0/:/usr/lib/gcc/x86_64-linux-gnu/]
  ignore line: [LIBRARY_PATH=/usr/lib/gcc/x86_64-linux-gnu/7.3.0/:/usr/lib/gcc/x86_64-linux-gnu/7.3.0/../../../../lib64/:/lib/../lib64/:/usr/lib/../lib64/:/usr/lib/gcc/x86_64-linux-gnu/7.3.0/../../../:/lib/:/usr/lib/]
  ignore line: [COLLECT_GCC_OPTIONS='-v' '-o' 'cmTC_de5b9' '-shared-libgcc' '-mtune=generic' '-march=x86-64']
  link line: [ /usr/libexec/gcc/x86_64-linux-gnu/7.3.0/collect2 -plugin /usr/libexec/gcc/x86_64-linux-gnu/7.3.0/liblto_plugin.so -plugin-opt=/usr/libexec/gcc/x86_64-linux-gnu/7.3.0/lto-wrapper -plugin-opt=-fresolution=/tmp/ccGuTkEi.res -plugin-opt=-pass-through=-lgcc_s -plugin-opt=-pass-through=-lgcc -plugin-opt=-pass-through=-lc -plugin-opt=-pass-through=-lgcc_s -plugin-opt=-pass-through=-lgcc --build-id --eh-frame-hdr --hash-style=gnu -m elf_x86_64 -dynamic-linker /lib64/ld-linux-x86-64.so.2 -o cmTC_de5b9 /usr/lib/gcc/x86_64-linux-gnu/7.3.0/../../../../lib64/crt1.o /usr/lib/gcc/x86_64-linux-gnu/7.3.0/../../../../lib64/crti.o /usr/lib/gcc/x86_64-linux-gnu/7.3.0/crtbegin.o -L/usr/lib/gcc/x86_64-linux-gnu/7.3.0 -L/usr/lib/gcc/x86_64-linux-gnu/7.3.0/../../../../lib64 -L/lib/../lib64 -L/usr/lib/../lib64 -L/usr/lib/gcc/x86_64-linux-gnu/7.3.0/../../.. CMakeFiles/cmTC_de5b9.dir/CMakeCXXCompilerABI.cpp.o -lstdc++ -lm -lgcc_s -lgcc -lc -lgcc_s -lgcc /usr/lib/gcc/x86_64-linux-gnu/7.3.0/crtend.o /usr/lib/gcc/x86_64-linux-gnu/7.3.0/../../../../lib64/crtn.o]
    arg [/usr/libexec/gcc/x86_64-linux-gnu/7.3.0/collect2] ==> ignore
    arg [-plugin] ==> ignore
    arg [/usr/libexec/gcc/x86_64-linux-gnu/7.3.0/liblto_plugin.so] ==> ignore
    arg [-plugin-opt=/usr/libexec/gcc/x86_64-linux-gnu/7.3.0/lto-wrapper] ==> ignore
    arg [-plugin-opt=-fresolution=/tmp/ccGuTkEi.res] ==> ignore
    arg [-plugin-opt=-pass-through=-lgcc_s] ==> ignore
    arg [-plugin-opt=-pass-through=-lgcc] ==> ignore
    arg [-plugin-opt=-pass-through=-lc] ==> ignore
    arg [-plugin-opt=-pass-through=-lgcc_s] ==> ignore
    arg [-plugin-opt=-pass-through=-lgcc] ==> ignore
    arg [--build-id] ==> ignore
    arg [--eh-frame-hdr] ==> ignore
    arg [--hash-style=gnu] ==> ignore
    arg [-m] ==> ignore
    arg [elf_x86_64] ==> ignore
    arg [-dynamic-linker] ==> ignore
    arg [/lib64/ld-linux-x86-64.so.2] ==> ignore
    arg [-o] ==> ignore
    arg [cmTC_de5b9] ==> ignore
    arg [/usr/lib/gcc/x86_64-linux-gnu/7.3.0/../../../../lib64/crt1.o] ==> ignore
    arg [/usr/lib/gcc/x86_64-linux-gnu/7.3.0/../../../../lib64/crti.o] ==> ignore
    arg [/usr/lib/gcc/x86_64-linux-gnu/7.3.0/crtbegin.o] ==> ignore
    arg [-L/usr/lib/gcc/x86_64-linux-gnu/7.3.0] ==> dir [/usr/lib/gcc/x86_64-linux-gnu/7.3.0]
    arg [-L/usr/lib/gcc/x86_64-linux-gnu/7.3.0/../../../../lib64] ==> dir [/usr/lib/gcc/x86_64-linux-gnu/7.3.0/../../../../lib64]
    arg [-L/lib/../lib64] ==> dir [/lib/../lib64]
    arg [-L/usr/lib/../lib64] ==> dir [/usr/lib/../lib64]
    arg [-L/usr/lib/gcc/x86_64-linux-gnu/7.3.0/../../..] ==> dir [/usr/lib/gcc/x86_64-linux-gnu/7.3.0/../../..]
    arg [CMakeFiles/cmTC_de5b9.dir/CMakeCXXCompilerABI.cpp.o] ==> ignore
    arg [-lstdc++] ==> lib [stdc++]
    arg [-lm] ==> lib [m]
    arg [-lgcc_s] ==> lib [gcc_s]
    arg [-lgcc] ==> lib [gcc]
    arg [-lc] ==> lib [c]
    arg [-lgcc_s] ==> lib [gcc_s]
    arg [-lgcc] ==> lib [gcc]
    arg [/usr/lib/gcc/x86_64-linux-gnu/7.3.0/crtend.o] ==> ignore
    arg [/usr/lib/gcc/x86_64-linux-gnu/7.3.0/../../../../lib64/crtn.o] ==> ignore
  collapse library dir [/usr/lib/gcc/x86_64-linux-gnu/7.3.0] ==> [/usr/lib/gcc/x86_64-linux-gnu/7.3.0]
  collapse library dir [/usr/lib/gcc/x86_64-linux-gnu/7.3.0/../../../../lib64] ==> [/usr/lib64]
  collapse library dir [/lib/../lib64] ==> [/lib64]
  collapse library dir [/usr/lib/../lib64] ==> [/usr/lib64]
  collapse library dir [/usr/lib/gcc/x86_64-linux-gnu/7.3.0/../../..] ==> [/usr/lib]
  implicit libs: [stdc++;m;gcc_s;gcc;c;gcc_s;gcc]
  implicit dirs: [/usr/lib/gcc/x86_64-linux-gnu/7.3.0;/usr/lib64;/lib64;/usr/lib]
  implicit fwks: []


